<?xml version="1.0" encoding="UTF-8"?>
<!-- Generated by org.testng.reporters.JUnitXMLReporter -->
<testsuite ignored="0" hostname="DESKTOP-17C739T" failures="0" tests="1" name="PageValidiator" time="0.03" errors="0" timestamp="2023-05-28T10:28:00 IST">
  <testcase classname="E2Eproject.Academy.PageValidiator" name="@BeforeTest Initilizer" time="0.008">
    <failure type="java.lang.IllegalStateException" message="The driver executable must exist: C:\work\chomedriver.exe">
      <![CDATA[java.lang.IllegalStateException: The driver executable must exist: C:\work\chomedriver.exe
at org.openqa.selenium.internal.Require$FileStateChecker.isFile(Require.java:345)
at org.openqa.selenium.remote.service.DriverFinder.getPath(DriverFinder.java:40)
at org.openqa.selenium.chrome.ChromeDriver.generateExecutor(ChromeDriver.java:98)
at org.openqa.selenium.chrome.ChromeDriver.<init>(ChromeDriver.java:88)
at org.openqa.selenium.chrome.ChromeDriver.<init>(ChromeDriver.java:84)
at org.openqa.selenium.chrome.ChromeDriver.<init>(ChromeDriver.java:52)
at resources.base.InitializeDriver(base.java:31)
at E2Eproject.Academy.PageValidiator.Initilizer(PageValidiator.java:22)
... Removed 22 stack frames]]>
    </failure>
  </testcase> <!-- @BeforeTest Initilizer -->
  <testcase classname="E2Eproject.Academy.PageValidiator" name="@AfterTest CloseBrowser" time="-1.685249880569E9">
    <skipped/>
  </testcase> <!-- @AfterTest CloseBrowser -->
  <testcase classname="E2Eproject.Academy.PageValidiator" name="basePageNavigation" time="0.0">
    <skipped/>
  </testcase> <!-- basePageNavigation -->
</testsuite> <!-- PageValidiator -->
