<?xml version="1.0" encoding="UTF-8"?>
<testng-results ignored="0" total="1" passed="1" failed="0" skipped="0">
  <reporter-output>
  </reporter-output>
  <suite started-at="2023-05-28T16:12:33 IST" name="Default suite" finished-at="2023-05-28T16:12:54 IST" duration-ms="21618">
    <groups>
    </groups>
    <test started-at="2023-05-28T16:12:33 IST" name="Default test" finished-at="2023-05-28T16:12:54 IST" duration-ms="21618">
      <class name="E2Eproject.Academy.homepage">
        <test-method is-config="true" signature="Initilizer()[pri:0, instance:E2Eproject.Academy.homepage@5812f68b]" started-at="2023-05-28T16:12:33 IST" name="Initilizer" finished-at="2023-05-28T16:12:40 IST" duration-ms="7487" status="PASS">
          <reporter-output>
          </reporter-output>
        </test-method> <!-- Initilizer -->
        <test-method signature="basePageNavigation()[pri:0, instance:E2Eproject.Academy.homepage@5812f68b]" started-at="2023-05-28T16:12:40 IST" name="basePageNavigation" finished-at="2023-05-28T16:12:54 IST" duration-ms="13813" status="PASS">
          <reporter-output>
          </reporter-output>
        </test-method> <!-- basePageNavigation -->
        <test-method is-config="true" signature="CloseBrowser()[pri:0, instance:E2Eproject.Academy.homepage@5812f68b]" started-at="2023-05-28T16:12:54 IST" name="CloseBrowser" finished-at="2023-05-28T16:12:54 IST" duration-ms="229" status="PASS">
          <reporter-output>
          </reporter-output>
        </test-method> <!-- CloseBrowser -->
      </class> <!-- E2Eproject.Academy.homepage -->
    </test> <!-- Default test -->
  </suite> <!-- Default suite -->
</testng-results>
